2025-08-23T16:13:24.958+05:30  INFO 6400 --- [crud1] [main] com.crud1.Crud1ApplicationTests          : Starting Crud1ApplicationTests using Java 17.0.8 with PID 6400 (started by chandrasekar.p in D:\E\crud\crud1\crud1)
2025-08-23T16:13:24.964+05:30  INFO 6400 --- [crud1] [main] com.crud1.Crud1ApplicationTests          : No active profile set, falling back to 1 default profile: "default"
2025-08-23T16:13:26.292+05:30  INFO 6400 --- [crud1] [main] .s.d.r.c.RepositoryConfigurationDelegate : Bootstrapping Spring Data JPA repositories in DEFAULT mode.
2025-08-23T16:13:26.454+05:30  INFO 6400 --- [crud1] [main] .s.d.r.c.RepositoryConfigurationDelegate : Finished Spring Data repository scanning in 136 ms. Found 3 JPA repository interfaces.
2025-08-23T16:13:27.258+05:30  INFO 6400 --- [crud1] [main] o.hibernate.jpa.internal.util.LogHelper  : HHH000204: Processing PersistenceUnitInfo [name: default]
2025-08-23T16:13:27.401+05:30  INFO 6400 --- [crud1] [main] org.hibernate.Version                    : HHH000412: Hibernate ORM core version 6.4.4.Final
2025-08-23T16:13:27.470+05:30  INFO 6400 --- [crud1] [main] o.h.c.internal.RegionFactoryInitiator    : HHH000026: Second-level cache disabled
2025-08-23T16:13:27.912+05:30  INFO 6400 --- [crud1] [main] o.s.o.j.p.SpringPersistenceUnitInfo      : No LoadTimeWeaver setup: ignoring JPA class transformer
2025-08-23T16:13:27.941+05:30  INFO 6400 --- [crud1] [main] com.zaxxer.hikari.HikariDataSource       : HikariPool-1 - Starting...
2025-08-23T16:13:28.437+05:30  INFO 6400 --- [crud1] [main] com.zaxxer.hikari.pool.HikariPool        : HikariPool-1 - Added connection com.mysql.cj.jdbc.ConnectionImpl@6c27e700
2025-08-23T16:13:28.441+05:30  INFO 6400 --- [crud1] [main] com.zaxxer.hikari.HikariDataSource       : HikariPool-1 - Start completed.
2025-08-23T16:13:28.518+05:30  WARN 6400 --- [crud1] [main] org.hibernate.orm.deprecation            : HHH90000025: MySQL8Dialect does not need to be specified explicitly using 'hibernate.dialect' (remove the property setting and it will be selected by default)
2025-08-23T16:13:28.520+05:30  WARN 6400 --- [crud1] [main] org.hibernate.orm.deprecation            : HHH90000026: MySQL8Dialect has been deprecated; use org.hibernate.dialect.MySQLDialect instead
2025-08-23T16:13:30.294+05:30  INFO 6400 --- [crud1] [main] o.h.e.t.j.p.i.JtaPlatformInitiator       : HHH000489: No JTA platform available (set 'hibernate.transaction.jta.platform' to enable JTA platform integration)
2025-08-23T16:13:30.444+05:30  INFO 6400 --- [crud1] [main] j.LocalContainerEntityManagerFactoryBean : Initialized JPA EntityManagerFactory for persistence unit 'default'
2025-08-23T16:13:31.004+05:30  INFO 6400 --- [crud1] [main] o.s.d.j.r.query.QueryEnhancerFactory     : Hibernate is in classpath; If applicable, HQL parser will be used.
2025-08-23T16:13:31.977+05:30  WARN 6400 --- [crud1] [main] JpaBaseConfiguration$JpaWebConfiguration : spring.jpa.open-in-view is enabled by default. Therefore, database queries may be performed during view rendering. Explicitly configure spring.jpa.open-in-view to disable this warning
2025-08-23T16:13:32.709+05:30  INFO 6400 --- [crud1] [main] com.crud1.Crud1ApplicationTests          : Started Crud1ApplicationTests in 8.216 seconds (process running for 9.64)
2025-08-23T16:13:33.573+05:30  INFO 6400 --- [crud1] [SpringApplicationShutdownHook] j.LocalContainerEntityManagerFactoryBean : Closing JPA EntityManagerFactory for persistence unit 'default'
2025-08-23T16:13:33.581+05:30  INFO 6400 --- [crud1] [SpringApplicationShutdownHook] com.zaxxer.hikari.HikariDataSource       : HikariPool-1 - Shutdown initiated...
2025-08-23T16:13:33.606+05:30  INFO 6400 --- [crud1] [SpringApplicationShutdownHook] com.zaxxer.hikari.HikariDataSource       : HikariPool-1 - Shutdown completed.
